25-Feb-2025 02:17:36.349 INFO [main] org.apache.catalina.startup.VersionLoggerListener.log Server version name:   Apache Tomcat/10.1.36
25-Feb-2025 02:17:36.351 INFO [main] org.apache.catalina.startup.VersionLoggerListener.log Server built:          Feb 13 2025 13:13:30 UTC
25-Feb-2025 02:17:36.351 INFO [main] org.apache.catalina.startup.VersionLoggerListener.log Server version number: 10.1.36.0
25-Feb-2025 02:17:36.351 INFO [main] org.apache.catalina.startup.VersionLoggerListener.log OS Name:               Mac OS X
25-Feb-2025 02:17:36.352 INFO [main] org.apache.catalina.startup.VersionLoggerListener.log OS Version:            14.5
25-Feb-2025 02:17:36.352 INFO [main] org.apache.catalina.startup.VersionLoggerListener.log Architecture:          aarch64
25-Feb-2025 02:17:36.352 INFO [main] org.apache.catalina.startup.VersionLoggerListener.log Java Home:             /Library/Java/JavaVirtualMachines/jdk-21.jdk/Contents/Home
25-Feb-2025 02:17:36.352 INFO [main] org.apache.catalina.startup.VersionLoggerListener.log JVM Version:           21.0.6+8-LTS-188
25-Feb-2025 02:17:36.352 INFO [main] org.apache.catalina.startup.VersionLoggerListener.log JVM Vendor:            Oracle Corporation
25-Feb-2025 02:17:36.352 INFO [main] org.apache.catalina.startup.VersionLoggerListener.log CATALINA_BASE:         /Users/michellewidjaja/myWebProject/tomcat
25-Feb-2025 02:17:36.352 INFO [main] org.apache.catalina.startup.VersionLoggerListener.log CATALINA_HOME:         /Users/michellewidjaja/myWebProject/tomcat
25-Feb-2025 02:17:36.391 INFO [main] org.apache.catalina.startup.VersionLoggerListener.log Command line argument: -Djava.util.logging.config.file=/Users/michellewidjaja/myWebProject/tomcat/conf/logging.properties
25-Feb-2025 02:17:36.391 INFO [main] org.apache.catalina.startup.VersionLoggerListener.log Command line argument: -Djava.util.logging.manager=org.apache.juli.ClassLoaderLogManager
25-Feb-2025 02:17:36.391 INFO [main] org.apache.catalina.startup.VersionLoggerListener.log Command line argument: -Djdk.tls.ephemeralDHKeySize=2048
25-Feb-2025 02:17:36.391 INFO [main] org.apache.catalina.startup.VersionLoggerListener.log Command line argument: -Djava.protocol.handler.pkgs=org.apache.catalina.webresources
25-Feb-2025 02:17:36.391 INFO [main] org.apache.catalina.startup.VersionLoggerListener.log Command line argument: -Dsun.io.useCanonCaches=false
25-Feb-2025 02:17:36.391 INFO [main] org.apache.catalina.startup.VersionLoggerListener.log Command line argument: -Dorg.apache.catalina.security.SecurityListener.UMASK=0027
25-Feb-2025 02:17:36.391 INFO [main] org.apache.catalina.startup.VersionLoggerListener.log Command line argument: --add-opens=java.base/java.lang=ALL-UNNAMED
25-Feb-2025 02:17:36.391 INFO [main] org.apache.catalina.startup.VersionLoggerListener.log Command line argument: --add-opens=java.base/java.io=ALL-UNNAMED
25-Feb-2025 02:17:36.391 INFO [main] org.apache.catalina.startup.VersionLoggerListener.log Command line argument: --add-opens=java.base/java.util=ALL-UNNAMED
25-Feb-2025 02:17:36.391 INFO [main] org.apache.catalina.startup.VersionLoggerListener.log Command line argument: --add-opens=java.base/java.util.concurrent=ALL-UNNAMED
25-Feb-2025 02:17:36.391 INFO [main] org.apache.catalina.startup.VersionLoggerListener.log Command line argument: --add-opens=java.rmi/sun.rmi.transport=ALL-UNNAMED
25-Feb-2025 02:17:36.392 INFO [main] org.apache.catalina.startup.VersionLoggerListener.log Command line argument: -Dcatalina.base=/Users/michellewidjaja/myWebProject/tomcat
25-Feb-2025 02:17:36.392 INFO [main] org.apache.catalina.startup.VersionLoggerListener.log Command line argument: -Dcatalina.home=/Users/michellewidjaja/myWebProject/tomcat
25-Feb-2025 02:17:36.392 INFO [main] org.apache.catalina.startup.VersionLoggerListener.log Command line argument: -Djava.io.tmpdir=/Users/michellewidjaja/myWebProject/tomcat/temp
25-Feb-2025 02:17:36.396 INFO [main] org.apache.catalina.core.AprLifecycleListener.lifecycleEvent The Apache Tomcat Native library which allows using OpenSSL was not found on the java.library.path: [/Users/michellewidjaja/Library/Java/Extensions:/Library/Java/Extensions:/Network/Library/Java/Extensions:/System/Library/Java/Extensions:/usr/lib/java:.]
25-Feb-2025 02:17:36.533 INFO [main] org.apache.coyote.AbstractProtocol.init Initializing ProtocolHandler ["http-nio-9999"]
25-Feb-2025 02:17:36.567 INFO [main] org.apache.catalina.startup.Catalina.load Server initialization in [304] milliseconds
25-Feb-2025 02:17:36.583 INFO [main] org.apache.catalina.core.StandardService.startInternal Starting service [Catalina]
25-Feb-2025 02:17:36.583 INFO [main] org.apache.catalina.core.StandardEngine.startInternal Starting Servlet engine: [Apache Tomcat/10.1.36]
25-Feb-2025 02:17:36.586 INFO [main] org.apache.catalina.startup.HostConfig.deployDirectory Deploying web application directory [/Users/michellewidjaja/myWebProject/tomcat/webapps/ebookshop]
25-Feb-2025 02:17:36.818 INFO [main] org.apache.jasper.servlet.TldScanner.scanJars At least one JAR was scanned for TLDs yet contained no TLDs. Enable debug logging for this logger for a complete list of JARs that were scanned but no TLDs were found in them. Skipping unneeded JARs during scanning can improve startup time and JSP compilation time.
25-Feb-2025 02:17:36.830 INFO [main] org.apache.catalina.startup.HostConfig.deployDirectory Deployment of web application directory [/Users/michellewidjaja/myWebProject/tomcat/webapps/ebookshop] has finished in [244] ms
25-Feb-2025 02:17:36.830 INFO [main] org.apache.catalina.startup.HostConfig.deployDirectory Deploying web application directory [/Users/michellewidjaja/myWebProject/tomcat/webapps/docs]
25-Feb-2025 02:17:36.908 INFO [main] org.apache.jasper.servlet.TldScanner.scanJars At least one JAR was scanned for TLDs yet contained no TLDs. Enable debug logging for this logger for a complete list of JARs that were scanned but no TLDs were found in them. Skipping unneeded JARs during scanning can improve startup time and JSP compilation time.
25-Feb-2025 02:17:36.909 INFO [main] org.apache.catalina.startup.HostConfig.deployDirectory Deployment of web application directory [/Users/michellewidjaja/myWebProject/tomcat/webapps/docs] has finished in [79] ms
25-Feb-2025 02:17:36.909 INFO [main] org.apache.catalina.startup.HostConfig.deployDirectory Deploying web application directory [/Users/michellewidjaja/myWebProject/tomcat/webapps/manager]
25-Feb-2025 02:17:36.994 INFO [main] org.apache.jasper.servlet.TldScanner.scanJars At least one JAR was scanned for TLDs yet contained no TLDs. Enable debug logging for this logger for a complete list of JARs that were scanned but no TLDs were found in them. Skipping unneeded JARs during scanning can improve startup time and JSP compilation time.
25-Feb-2025 02:17:36.997 INFO [main] org.apache.catalina.startup.HostConfig.deployDirectory Deployment of web application directory [/Users/michellewidjaja/myWebProject/tomcat/webapps/manager] has finished in [88] ms
25-Feb-2025 02:17:36.997 INFO [main] org.apache.catalina.startup.HostConfig.deployDirectory Deploying web application directory [/Users/michellewidjaja/myWebProject/tomcat/webapps/examples]
25-Feb-2025 02:17:37.124 INFO [main] org.apache.jasper.servlet.TldScanner.scanJars At least one JAR was scanned for TLDs yet contained no TLDs. Enable debug logging for this logger for a complete list of JARs that were scanned but no TLDs were found in them. Skipping unneeded JARs during scanning can improve startup time and JSP compilation time.
25-Feb-2025 02:17:37.130 INFO [main] org.apache.catalina.startup.HostConfig.deployDirectory Deployment of web application directory [/Users/michellewidjaja/myWebProject/tomcat/webapps/examples] has finished in [133] ms
25-Feb-2025 02:17:37.130 INFO [main] org.apache.catalina.startup.HostConfig.deployDirectory Deploying web application directory [/Users/michellewidjaja/myWebProject/tomcat/webapps/ROOT]
25-Feb-2025 02:17:37.196 INFO [main] org.apache.jasper.servlet.TldScanner.scanJars At least one JAR was scanned for TLDs yet contained no TLDs. Enable debug logging for this logger for a complete list of JARs that were scanned but no TLDs were found in them. Skipping unneeded JARs during scanning can improve startup time and JSP compilation time.
25-Feb-2025 02:17:37.196 INFO [main] org.apache.catalina.startup.HostConfig.deployDirectory Deployment of web application directory [/Users/michellewidjaja/myWebProject/tomcat/webapps/ROOT] has finished in [66] ms
25-Feb-2025 02:17:37.196 INFO [main] org.apache.catalina.startup.HostConfig.deployDirectory Deploying web application directory [/Users/michellewidjaja/myWebProject/tomcat/webapps/hello]
25-Feb-2025 02:17:37.266 INFO [main] org.apache.jasper.servlet.TldScanner.scanJars At least one JAR was scanned for TLDs yet contained no TLDs. Enable debug logging for this logger for a complete list of JARs that were scanned but no TLDs were found in them. Skipping unneeded JARs during scanning can improve startup time and JSP compilation time.
25-Feb-2025 02:17:37.267 INFO [main] org.apache.catalina.startup.HostConfig.deployDirectory Deployment of web application directory [/Users/michellewidjaja/myWebProject/tomcat/webapps/hello] has finished in [71] ms
25-Feb-2025 02:17:37.267 INFO [main] org.apache.catalina.startup.HostConfig.deployDirectory Deploying web application directory [/Users/michellewidjaja/myWebProject/tomcat/webapps/host-manager]
25-Feb-2025 02:17:37.333 INFO [main] org.apache.jasper.servlet.TldScanner.scanJars At least one JAR was scanned for TLDs yet contained no TLDs. Enable debug logging for this logger for a complete list of JARs that were scanned but no TLDs were found in them. Skipping unneeded JARs during scanning can improve startup time and JSP compilation time.
25-Feb-2025 02:17:37.334 INFO [main] org.apache.catalina.startup.HostConfig.deployDirectory Deployment of web application directory [/Users/michellewidjaja/myWebProject/tomcat/webapps/host-manager] has finished in [67] ms
25-Feb-2025 02:17:37.335 INFO [main] org.apache.coyote.AbstractProtocol.start Starting ProtocolHandler ["http-nio-9999"]
25-Feb-2025 02:17:37.341 INFO [main] org.apache.catalina.startup.Catalina.start Server startup in [773] milliseconds
