04-Mar-2025 15:31:12.906 INFO [Thread-1] org.apache.catalina.core.ApplicationContext.log SessionListener: contextDestroyed()
04-Mar-2025 15:31:12.907 INFO [Thread-1] org.apache.catalina.core.ApplicationContext.log ContextListener: contextDestroyed()
04-Mar-2025 15:31:27.404 INFO [main] org.apache.catalina.core.ApplicationContext.log ContextListener: contextInitialized()
04-Mar-2025 15:31:27.404 INFO [main] org.apache.catalina.core.ApplicationContext.log SessionListener: contextInitialized()
04-Mar-2025 15:31:27.404 INFO [main] org.apache.catalina.core.ApplicationContext.log ContextListener: attributeAdded('StockTicker', 'async.Stockticker@71c5b236')
04-Mar-2025 16:30:03.456 INFO [Thread-1] org.apache.catalina.core.ApplicationContext.log SessionListener: contextDestroyed()
04-Mar-2025 16:30:03.456 INFO [Thread-1] org.apache.catalina.core.ApplicationContext.log ContextListener: contextDestroyed()
04-Mar-2025 16:30:21.588 INFO [main] org.apache.catalina.core.ApplicationContext.log ContextListener: contextInitialized()
04-Mar-2025 16:30:21.588 INFO [main] org.apache.catalina.core.ApplicationContext.log SessionListener: contextInitialized()
04-Mar-2025 16:30:21.589 INFO [main] org.apache.catalina.core.ApplicationContext.log ContextListener: attributeAdded('StockTicker', 'async.Stockticker@5df417a7')
04-Mar-2025 16:39:37.202 INFO [http-nio-9999-exec-11] org.apache.catalina.core.ApplicationContext.log Marking servlet [RegisterUser] as unavailable
04-Mar-2025 16:39:37.203 SEVERE [http-nio-9999-exec-11] org.apache.catalina.core.StandardWrapperValve.invoke Allocate exception for servlet [RegisterUser]
	java.util.MissingResourceException: Can't find bundle for base name dbconfig, locale en_SG
		at java.base/java.util.ResourceBundle.throwMissingResourceException(ResourceBundle.java:2059)
		at java.base/java.util.ResourceBundle.getBundleImpl(ResourceBundle.java:1697)
		at java.base/java.util.ResourceBundle.getBundleImpl(ResourceBundle.java:1600)
		at java.base/java.util.ResourceBundle.getBundleImpl(ResourceBundle.java:1555)
		at java.base/java.util.ResourceBundle.getBundle(ResourceBundle.java:861)
		at RegisterUser.<clinit>(RegisterUser.java:19)
		at java.base/jdk.internal.misc.Unsafe.ensureClassInitialized0(Native Method)
		at java.base/jdk.internal.misc.Unsafe.ensureClassInitialized(Unsafe.java:1160)
		at java.base/jdk.internal.reflect.MethodHandleAccessorFactory.ensureClassInitialized(MethodHandleAccessorFactory.java:300)
		at java.base/jdk.internal.reflect.MethodHandleAccessorFactory.newConstructorAccessor(MethodHandleAccessorFactory.java:103)
		at java.base/jdk.internal.reflect.ReflectionFactory.newConstructorAccessor(ReflectionFactory.java:200)
		at java.base/java.lang.reflect.Constructor.acquireConstructorAccessor(Constructor.java:549)
		at java.base/java.lang.reflect.Constructor.newInstanceWithCaller(Constructor.java:499)
		at java.base/java.lang.reflect.Constructor.newInstance(Constructor.java:486)
		at org.apache.catalina.core.DefaultInstanceManager.newInstance(DefaultInstanceManager.java:144)
		at org.apache.catalina.core.StandardWrapper.loadServlet(StandardWrapper.java:758)
		at org.apache.catalina.core.StandardWrapper.allocate(StandardWrapper.java:575)
		at org.apache.catalina.core.StandardWrapperValve.invoke(StandardWrapperValve.java:115)
		at org.apache.catalina.core.StandardContextValve.invoke(StandardContextValve.java:90)
		at org.apache.catalina.authenticator.AuthenticatorBase.invoke(AuthenticatorBase.java:483)
		at org.apache.catalina.core.StandardHostValve.invoke(StandardHostValve.java:115)
		at org.apache.catalina.valves.ErrorReportValve.invoke(ErrorReportValve.java:93)
		at org.apache.catalina.valves.AbstractAccessLogValve.invoke(AbstractAccessLogValve.java:663)
		at org.apache.catalina.core.StandardEngineValve.invoke(StandardEngineValve.java:74)
		at org.apache.catalina.connector.CoyoteAdapter.service(CoyoteAdapter.java:344)
		at org.apache.coyote.http11.Http11Processor.service(Http11Processor.java:397)
		at org.apache.coyote.AbstractProcessorLight.process(AbstractProcessorLight.java:63)
		at org.apache.coyote.AbstractProtocol$ConnectionHandler.process(AbstractProtocol.java:905)
		at org.apache.tomcat.util.net.NioEndpoint$SocketProcessor.doRun(NioEndpoint.java:1743)
		at org.apache.tomcat.util.net.SocketProcessorBase.run(SocketProcessorBase.java:52)
		at org.apache.tomcat.util.threads.ThreadPoolExecutor.runWorker(ThreadPoolExecutor.java:1190)
		at org.apache.tomcat.util.threads.ThreadPoolExecutor$Worker.run(ThreadPoolExecutor.java:659)
		at org.apache.tomcat.util.threads.TaskThread$WrappingRunnable.run(TaskThread.java:63)
		at java.base/java.lang.Thread.run(Thread.java:1583)
04-Mar-2025 16:42:36.537 INFO [Thread-1] org.apache.catalina.core.ApplicationContext.log SessionListener: contextDestroyed()
04-Mar-2025 16:42:36.537 INFO [Thread-1] org.apache.catalina.core.ApplicationContext.log ContextListener: contextDestroyed()
04-Mar-2025 16:43:01.583 INFO [main] org.apache.catalina.core.ApplicationContext.log ContextListener: contextInitialized()
04-Mar-2025 16:43:01.583 INFO [main] org.apache.catalina.core.ApplicationContext.log SessionListener: contextInitialized()
04-Mar-2025 16:43:01.583 INFO [main] org.apache.catalina.core.ApplicationContext.log ContextListener: attributeAdded('StockTicker', 'async.Stockticker@37f21974')
04-Mar-2025 17:15:31.546 INFO [Thread-1] org.apache.catalina.core.ApplicationContext.log SessionListener: contextDestroyed()
04-Mar-2025 17:15:31.546 INFO [Thread-1] org.apache.catalina.core.ApplicationContext.log ContextListener: contextDestroyed()
04-Mar-2025 17:15:46.126 INFO [main] org.apache.catalina.core.ApplicationContext.log ContextListener: contextInitialized()
04-Mar-2025 17:15:46.126 INFO [main] org.apache.catalina.core.ApplicationContext.log SessionListener: contextInitialized()
04-Mar-2025 17:15:46.126 INFO [main] org.apache.catalina.core.ApplicationContext.log ContextListener: attributeAdded('StockTicker', 'async.Stockticker@1cb3ec38')
04-Mar-2025 17:21:49.973 INFO [Thread-1] org.apache.catalina.core.ApplicationContext.log SessionListener: contextDestroyed()
04-Mar-2025 17:21:49.973 INFO [Thread-1] org.apache.catalina.core.ApplicationContext.log ContextListener: contextDestroyed()
04-Mar-2025 17:22:04.722 INFO [main] org.apache.catalina.core.ApplicationContext.log ContextListener: contextInitialized()
04-Mar-2025 17:22:04.722 INFO [main] org.apache.catalina.core.ApplicationContext.log SessionListener: contextInitialized()
04-Mar-2025 17:22:04.723 INFO [main] org.apache.catalina.core.ApplicationContext.log ContextListener: attributeAdded('StockTicker', 'async.Stockticker@5d25e6bb')
04-Mar-2025 17:40:55.368 INFO [Thread-1] org.apache.catalina.core.ApplicationContext.log SessionListener: contextDestroyed()
04-Mar-2025 17:40:55.368 INFO [Thread-1] org.apache.catalina.core.ApplicationContext.log ContextListener: contextDestroyed()
04-Mar-2025 17:41:08.403 INFO [main] org.apache.catalina.core.ApplicationContext.log ContextListener: contextInitialized()
04-Mar-2025 17:41:08.403 INFO [main] org.apache.catalina.core.ApplicationContext.log SessionListener: contextInitialized()
04-Mar-2025 17:41:08.403 INFO [main] org.apache.catalina.core.ApplicationContext.log ContextListener: attributeAdded('StockTicker', 'async.Stockticker@7c041b41')
04-Mar-2025 17:41:57.551 INFO [Thread-1] org.apache.catalina.core.ApplicationContext.log SessionListener: contextDestroyed()
04-Mar-2025 17:41:57.551 INFO [Thread-1] org.apache.catalina.core.ApplicationContext.log ContextListener: contextDestroyed()
04-Mar-2025 17:42:11.827 INFO [main] org.apache.catalina.core.ApplicationContext.log ContextListener: contextInitialized()
04-Mar-2025 17:42:11.827 INFO [main] org.apache.catalina.core.ApplicationContext.log SessionListener: contextInitialized()
04-Mar-2025 17:42:11.828 INFO [main] org.apache.catalina.core.ApplicationContext.log ContextListener: attributeAdded('StockTicker', 'async.Stockticker@6f80fafe')
04-Mar-2025 17:57:14.776 INFO [Thread-1] org.apache.catalina.core.ApplicationContext.log SessionListener: contextDestroyed()
04-Mar-2025 17:57:14.776 INFO [Thread-1] org.apache.catalina.core.ApplicationContext.log ContextListener: contextDestroyed()
04-Mar-2025 17:57:31.484 INFO [main] org.apache.catalina.core.ApplicationContext.log ContextListener: contextInitialized()
04-Mar-2025 17:57:31.484 INFO [main] org.apache.catalina.core.ApplicationContext.log SessionListener: contextInitialized()
04-Mar-2025 17:57:31.484 INFO [main] org.apache.catalina.core.ApplicationContext.log ContextListener: attributeAdded('StockTicker', 'async.Stockticker@61078690')
04-Mar-2025 18:04:19.326 INFO [Thread-1] org.apache.catalina.core.ApplicationContext.log SessionListener: contextDestroyed()
04-Mar-2025 18:04:19.326 INFO [Thread-1] org.apache.catalina.core.ApplicationContext.log ContextListener: contextDestroyed()
04-Mar-2025 18:04:34.296 INFO [main] org.apache.catalina.core.ApplicationContext.log ContextListener: contextInitialized()
04-Mar-2025 18:04:34.296 INFO [main] org.apache.catalina.core.ApplicationContext.log SessionListener: contextInitialized()
04-Mar-2025 18:04:34.297 INFO [main] org.apache.catalina.core.ApplicationContext.log ContextListener: attributeAdded('StockTicker', 'async.Stockticker@7c041b41')
04-Mar-2025 18:12:27.991 INFO [Thread-1] org.apache.catalina.core.ApplicationContext.log SessionListener: contextDestroyed()
04-Mar-2025 18:12:27.991 INFO [Thread-1] org.apache.catalina.core.ApplicationContext.log ContextListener: contextDestroyed()
04-Mar-2025 18:12:49.272 INFO [main] org.apache.catalina.core.ApplicationContext.log ContextListener: contextInitialized()
04-Mar-2025 18:12:49.272 INFO [main] org.apache.catalina.core.ApplicationContext.log SessionListener: contextInitialized()
04-Mar-2025 18:12:49.273 INFO [main] org.apache.catalina.core.ApplicationContext.log ContextListener: attributeAdded('StockTicker', 'async.Stockticker@7f69d591')
04-Mar-2025 20:06:48.031 INFO [Thread-1] org.apache.catalina.core.ApplicationContext.log SessionListener: contextDestroyed()
04-Mar-2025 20:06:48.031 INFO [Thread-1] org.apache.catalina.core.ApplicationContext.log ContextListener: contextDestroyed()
04-Mar-2025 20:07:17.855 INFO [main] org.apache.catalina.core.ApplicationContext.log ContextListener: contextInitialized()
04-Mar-2025 20:07:17.855 INFO [main] org.apache.catalina.core.ApplicationContext.log SessionListener: contextInitialized()
04-Mar-2025 20:07:17.856 INFO [main] org.apache.catalina.core.ApplicationContext.log ContextListener: attributeAdded('StockTicker', 'async.Stockticker@7f69d591')
04-Mar-2025 22:12:10.028 INFO [Thread-1] org.apache.catalina.core.ApplicationContext.log SessionListener: contextDestroyed()
04-Mar-2025 22:12:10.028 INFO [Thread-1] org.apache.catalina.core.ApplicationContext.log ContextListener: contextDestroyed()
04-Mar-2025 22:12:29.934 INFO [main] org.apache.catalina.core.ApplicationContext.log ContextListener: contextInitialized()
04-Mar-2025 22:12:29.934 INFO [main] org.apache.catalina.core.ApplicationContext.log SessionListener: contextInitialized()
04-Mar-2025 22:12:29.934 INFO [main] org.apache.catalina.core.ApplicationContext.log ContextListener: attributeAdded('StockTicker', 'async.Stockticker@4fcee388')
04-Mar-2025 22:20:02.914 INFO [Thread-1] org.apache.catalina.core.ApplicationContext.log SessionListener: contextDestroyed()
04-Mar-2025 22:20:02.915 INFO [Thread-1] org.apache.catalina.core.ApplicationContext.log ContextListener: contextDestroyed()
04-Mar-2025 22:20:38.873 INFO [main] org.apache.catalina.core.ApplicationContext.log ContextListener: contextInitialized()
04-Mar-2025 22:20:38.873 INFO [main] org.apache.catalina.core.ApplicationContext.log SessionListener: contextInitialized()
04-Mar-2025 22:20:38.873 INFO [main] org.apache.catalina.core.ApplicationContext.log ContextListener: attributeAdded('StockTicker', 'async.Stockticker@71c5b236')
04-Mar-2025 22:33:40.898 INFO [Thread-1] org.apache.catalina.core.ApplicationContext.log SessionListener: contextDestroyed()
04-Mar-2025 22:33:40.898 INFO [Thread-1] org.apache.catalina.core.ApplicationContext.log ContextListener: contextDestroyed()
04-Mar-2025 22:33:48.201 INFO [main] org.apache.catalina.core.ApplicationContext.log ContextListener: contextInitialized()
04-Mar-2025 22:33:48.201 INFO [main] org.apache.catalina.core.ApplicationContext.log SessionListener: contextInitialized()
04-Mar-2025 22:33:48.201 INFO [main] org.apache.catalina.core.ApplicationContext.log ContextListener: attributeAdded('StockTicker', 'async.Stockticker@3af17be2')
04-Mar-2025 22:53:22.936 INFO [Thread-1] org.apache.catalina.core.ApplicationContext.log SessionListener: contextDestroyed()
04-Mar-2025 22:53:22.936 INFO [Thread-1] org.apache.catalina.core.ApplicationContext.log ContextListener: contextDestroyed()
04-Mar-2025 22:53:33.828 INFO [main] org.apache.catalina.core.ApplicationContext.log ContextListener: contextInitialized()
04-Mar-2025 22:53:33.828 INFO [main] org.apache.catalina.core.ApplicationContext.log SessionListener: contextInitialized()
04-Mar-2025 22:53:33.829 INFO [main] org.apache.catalina.core.ApplicationContext.log ContextListener: attributeAdded('StockTicker', 'async.Stockticker@4fcee388')
